0 info it worked if it ends with ok
1 verbose cli [ 'node', '/usr/local/bin/npm', 'publish' ]
2 info using npm@2.1.10
3 info using node@v0.10.33
4 verbose publish [ '.' ]
5 silly cache add args [ '.', null ]
6 verbose cache add spec .
7 silly cache add parsed spec { raw: '.',
7 silly cache add   scope: null,
7 silly cache add   name: null,
7 silly cache add   rawSpec: '.',
7 silly cache add   spec: '/Users/suhail/Sites/songkick',
7 silly cache add   type: 'directory' }
8 verbose tar pack [ '/Users/suhail/.npm/songkick-wrapper/1.0.0/package.tgz',
8 verbose tar pack   '/Users/suhail/Sites/songkick' ]
9 verbose tarball /Users/suhail/.npm/songkick-wrapper/1.0.0/package.tgz
10 verbose folder /Users/suhail/Sites/songkick
11 info prepublish songkick-wrapper@1.0.0
12 verbose addLocalTarball adding from inside cache /Users/suhail/.npm/songkick-wrapper/1.0.0/package.tgz
13 silly cache afterAdd songkick-wrapper@1.0.0
14 verbose afterAdd /Users/suhail/.npm/songkick-wrapper/1.0.0/package/package.json not in flight; writing
15 verbose afterAdd /Users/suhail/.npm/songkick-wrapper/1.0.0/package/package.json written
16 silly publish { name: 'songkick-wrapper',
16 silly publish   version: '1.0.0',
16 silly publish   description: 'A node wrapper around SongKick API',
16 silly publish   main: 'index.js',
16 silly publish   scripts: { test: 'jasmine' },
16 silly publish   keywords: [ 'songkick', 'songkick', 'api' ],
16 silly publish   author:
16 silly publish    { name: 'Suhail Abood',
16 silly publish      email: 'suhail.abood@gmail.com',
16 silly publish      url: 'suhailabood.me' },
16 silly publish   license: 'ISC',
16 silly publish   devDependencies:
16 silly publish    { jasmine: '^2.3.1',
16 silly publish      q: '^1.4.0',
16 silly publish      request: '^2.55.0',
16 silly publish      'request-debug': '^0.1.1' },
16 silly publish   readme: '# songkick-wrapper\n\n[![Build Status](https://travis-ci.org/suhdev/songkick-wrapper.svg?branch=master)](https://travis-ci.org/suhdev/songkick-wrapper)\n\nA node.js wrapper around [songkick\'s](http://www.songkick.com) [API](http://www.songkick.com/developer).\n\n## Installation\n\nInstall using [npm](https://npmjs.org):\n\n    npm install songkick-wrapper\n\nOr clone the GitHub repo:\n\n    git clone https://github.com/suhdev/songkick-wrapper.git\n\n## Usage\n\nAfter installing/cloning the module, you can open a node console:\n\n    node\n\nand import the module:\n\n    var Songkick = require("songkick-wrapper");\n\nIf GitHub repo was used then: \n\n    var Songkick = require("PATH TO YOUR INSTALLATION");\n\nCreate an instance of SongKick using the factory method passing your API key:\n\n    var songKick = SongKick.create("<YOUR API KEY>");\n\nYou can request an API key at songkick\'s [website](http://www.songkick.com/api_key_requests/new).\n\n### Copyright\nCopyright (c) 2015 Suhail Abood',
16 silly publish   readmeFilename: 'README.md',
16 silly publish   gitHead: '1644f206fdbc9c6a3089cc3dc5cdd79064f56a5e',
16 silly publish   _id: 'songkick-wrapper@1.0.0',
16 silly publish   _shasum: 'f957dc1a4d0d3742cb8a8c22a944a4ad09ddcec6',
16 silly publish   _from: '.' }
17 silly mapToRegistry name songkick-wrapper
18 silly mapToRegistry using default registry
19 silly mapToRegistry registry https://registry.npmjs.org/
20 silly mapToRegistry uri https://registry.npmjs.org/songkick-wrapper
21 verbose publish registryBase https://registry.npmjs.org/
22 silly publish uploading /Users/suhail/.npm/songkick-wrapper/1.0.0/package.tgz
23 verbose request uri https://registry.npmjs.org/songkick-wrapper
24 verbose request sending authorization for write operation
25 info attempt registry request try #1 at 12:23:16
26 verbose request id 2f6240a7d18ad10a
27 http request PUT https://registry.npmjs.org/songkick-wrapper
28 http 403 https://registry.npmjs.org/songkick-wrapper
29 verbose headers { 'content-type': 'application/json',
29 verbose headers   'cache-control': 'max-age=60',
29 verbose headers   'content-length': '95',
29 verbose headers   'accept-ranges': 'bytes',
29 verbose headers   date: 'Fri, 15 May 2015 11:23:17 GMT',
29 verbose headers   via: '1.1 varnish',
29 verbose headers   connection: 'keep-alive',
29 verbose headers   'x-served-by': 'cache-lcy1128-LCY',
29 verbose headers   'x-cache': 'MISS',
29 verbose headers   'x-cache-hits': '0',
29 verbose headers   'x-timer': 'S1431688996.615576,VS0,VE1227' }
30 verbose request invalidating /Users/suhail/.npm/registry.npmjs.org/songkick-wrapper on PUT
31 error publish Failed PUT 403
32 verbose stack Error: "You cannot publish over the previously published version 1.0.0." : songkick-wrapper
32 verbose stack     at CachingRegistryClient.<anonymous> (/usr/local/lib/node_modules/npm/node_modules/npm-registry-client/lib/request.js:234:14)
32 verbose stack     at Request._callback (/usr/local/lib/node_modules/npm/node_modules/npm-registry-client/lib/request.js:172:14)
32 verbose stack     at Request.self.callback (/usr/local/lib/node_modules/npm/node_modules/request/request.js:372:22)
32 verbose stack     at Request.emit (events.js:98:17)
32 verbose stack     at Request.<anonymous> (/usr/local/lib/node_modules/npm/node_modules/request/request.js:1317:14)
32 verbose stack     at Request.emit (events.js:117:20)
32 verbose stack     at IncomingMessage.<anonymous> (/usr/local/lib/node_modules/npm/node_modules/request/request.js:1265:12)
32 verbose stack     at IncomingMessage.emit (events.js:117:20)
32 verbose stack     at _stream_readable.js:943:16
32 verbose stack     at process._tickCallback (node.js:419:13)
33 verbose statusCode 403
34 verbose pkgid songkick-wrapper
35 verbose cwd /Users/suhail/Sites/songkick
36 error Darwin 14.0.0
37 error argv "node" "/usr/local/bin/npm" "publish"
38 error node v0.10.33
39 error npm  v2.1.10
40 error code E403
41 error "You cannot publish over the previously published version 1.0.0." : songkick-wrapper
42 error If you need help, you may report this error at:
42 error     <http://github.com/npm/npm/issues>
43 verbose exit [ 1, true ]
